2021-08-02T07:30:37+00:00 CRITICAL Uncaught Error: Call to a member function add_order_note() on null in /home/hopscon/public_html/hopscan-stg.com/wp-content/themes/martfury-child/phone-verify.php:18
Stack trace:
#0 /home/hopscon/public_html/hopscan-stg.com/wp-includes/class-wp-hook.php(287): sendotpregister('')
#1 /home/hopscon/public_html/hopscan-stg.com/wp-includes/class-wp-hook.php(311): WP_Hook->apply_filters('', Array)
#2 /home/hopscon/public_html/hopscan-stg.com/wp-includes/plugin.php(484): WP_Hook->do_action(Array)
#3 /home/hopscon/public_html/hopscan-stg.com/wp-admin/admin-ajax.php(199): do_action('wp_ajax_nopriv_...')
#4 {main}
  thrown in /home/hopscon/public_html/hopscan-stg.com/wp-content/themes/martfury-child/phone-verify.php on line 18

2021-08-02T08:03:56+00:00 CRITICAL Uncaught Error: Call to a member function add_order_note() on null in /home/hopscon/public_html/hopscan-stg.com/wp-content/themes/martfury-child/phone-verify.php:32
Stack trace:
#0 /home/hopscon/public_html/hopscan-stg.com/wp-includes/class-wp-hook.php(287): sendotpforgot('')
#1 /home/hopscon/public_html/hopscan-stg.com/wp-includes/class-wp-hook.php(311): WP_Hook->apply_filters('', Array)
#2 /home/hopscon/public_html/hopscan-stg.com/wp-includes/plugin.php(484): WP_Hook->do_action(Array)
#3 /home/hopscon/public_html/hopscan-stg.com/wp-admin/admin-ajax.php(199): do_action('wp_ajax_nopriv_...')
#4 {main}
  thrown in /home/hopscon/public_html/hopscan-stg.com/wp-content/themes/martfury-child/phone-verify.php on line 32

2021-08-02T08:06:25+00:00 CRITICAL Uncaught Error: Call to a member function add_order_note() on null in /home/hopscon/public_html/hopscan-stg.com/wp-content/themes/martfury-child/phone-verify.php:32
Stack trace:
#0 /home/hopscon/public_html/hopscan-stg.com/wp-includes/class-wp-hook.php(287): sendotpforgot('')
#1 /home/hopscon/public_html/hopscan-stg.com/wp-includes/class-wp-hook.php(311): WP_Hook->apply_filters('', Array)
#2 /home/hopscon/public_html/hopscan-stg.com/wp-includes/plugin.php(484): WP_Hook->do_action(Array)
#3 /home/hopscon/public_html/hopscan-stg.com/wp-admin/admin-ajax.php(199): do_action('wp_ajax_nopriv_...')
#4 {main}
  thrown in /home/hopscon/public_html/hopscan-stg.com/wp-content/themes/martfury-child/phone-verify.php on line 32

2021-08-02T08:09:08+00:00 CRITICAL Uncaught Error: Call to a member function add_order_note() on null in /home/hopscon/public_html/hopscan-stg.com/wp-content/themes/martfury-child/phone-verify.php:32
Stack trace:
#0 /home/hopscon/public_html/hopscan-stg.com/wp-includes/class-wp-hook.php(287): sendotpforgot('')
#1 /home/hopscon/public_html/hopscan-stg.com/wp-includes/class-wp-hook.php(311): WP_Hook->apply_filters('', Array)
#2 /home/hopscon/public_html/hopscan-stg.com/wp-includes/plugin.php(484): WP_Hook->do_action(Array)
#3 /home/hopscon/public_html/hopscan-stg.com/wp-admin/admin-ajax.php(199): do_action('wp_ajax_nopriv_...')
#4 {main}
  thrown in /home/hopscon/public_html/hopscan-stg.com/wp-content/themes/martfury-child/phone-verify.php on line 32

2021-08-02T08:14:26+00:00 CRITICAL Uncaught Error: Call to a member function add_order_note() on null in /home/hopscon/public_html/hopscan-stg.com/wp-content/themes/martfury-child/phone-verify.php:33
Stack trace:
#0 /home/hopscon/public_html/hopscan-stg.com/wp-includes/class-wp-hook.php(287): sendotpforgot('')
#1 /home/hopscon/public_html/hopscan-stg.com/wp-includes/class-wp-hook.php(311): WP_Hook->apply_filters('', Array)
#2 /home/hopscon/public_html/hopscan-stg.com/wp-includes/plugin.php(484): WP_Hook->do_action(Array)
#3 /home/hopscon/public_html/hopscan-stg.com/wp-admin/admin-ajax.php(199): do_action('wp_ajax_nopriv_...')
#4 {main}
  thrown in /home/hopscon/public_html/hopscan-stg.com/wp-content/themes/martfury-child/phone-verify.php on line 33

2021-08-02T13:17:38+00:00 CRITICAL Uncaught Error: Call to a member function add_order_note() on null in /home/hopscon/public_html/hopscan-stg.com/wp-content/themes/martfury-child/phone-verify.php:34
Stack trace:
#0 /home/hopscon/public_html/hopscan-stg.com/wp-includes/class-wp-hook.php(287): sendotpforgot('')
#1 /home/hopscon/public_html/hopscan-stg.com/wp-includes/class-wp-hook.php(311): WP_Hook->apply_filters('', Array)
#2 /home/hopscon/public_html/hopscan-stg.com/wp-includes/plugin.php(484): WP_Hook->do_action(Array)
#3 /home/hopscon/public_html/hopscan-stg.com/wp-admin/admin-ajax.php(199): do_action('wp_ajax_nopriv_...')
#4 {main}
  thrown in /home/hopscon/public_html/hopscan-stg.com/wp-content/themes/martfury-child/phone-verify.php on line 34

2021-08-02T13:18:57+00:00 CRITICAL Uncaught Error: Call to a member function add_order_note() on null in /home/hopscon/public_html/hopscan-stg.com/wp-content/themes/martfury-child/phone-verify.php:34
Stack trace:
#0 /home/hopscon/public_html/hopscan-stg.com/wp-includes/class-wp-hook.php(287): sendotpforgot('')
#1 /home/hopscon/public_html/hopscan-stg.com/wp-includes/class-wp-hook.php(311): WP_Hook->apply_filters('', Array)
#2 /home/hopscon/public_html/hopscan-stg.com/wp-includes/plugin.php(484): WP_Hook->do_action(Array)
#3 /home/hopscon/public_html/hopscan-stg.com/wp-admin/admin-ajax.php(199): do_action('wp_ajax_nopriv_...')
#4 {main}
  thrown in /home/hopscon/public_html/hopscan-stg.com/wp-content/themes/martfury-child/phone-verify.php on line 34

2021-08-02T13:20:43+00:00 CRITICAL Uncaught Error: Call to a member function add_order_note() on null in /home/hopscon/public_html/hopscan-stg.com/wp-content/themes/martfury-child/phone-verify.php:34
Stack trace:
#0 /home/hopscon/public_html/hopscan-stg.com/wp-includes/class-wp-hook.php(287): sendotpforgot('')
#1 /home/hopscon/public_html/hopscan-stg.com/wp-includes/class-wp-hook.php(311): WP_Hook->apply_filters('', Array)
#2 /home/hopscon/public_html/hopscan-stg.com/wp-includes/plugin.php(484): WP_Hook->do_action(Array)
#3 /home/hopscon/public_html/hopscan-stg.com/wp-admin/admin-ajax.php(199): do_action('wp_ajax_nopriv_...')
#4 {main}
  thrown in /home/hopscon/public_html/hopscan-stg.com/wp-content/themes/martfury-child/phone-verify.php on line 34

2021-08-02T13:20:44+00:00 CRITICAL Uncaught Error: Call to a member function add_order_note() on null in /home/hopscon/public_html/hopscan-stg.com/wp-content/themes/martfury-child/phone-verify.php:34
Stack trace:
#0 /home/hopscon/public_html/hopscan-stg.com/wp-includes/class-wp-hook.php(287): sendotpforgot('')
#1 /home/hopscon/public_html/hopscan-stg.com/wp-includes/class-wp-hook.php(311): WP_Hook->apply_filters('', Array)
#2 /home/hopscon/public_html/hopscan-stg.com/wp-includes/plugin.php(484): WP_Hook->do_action(Array)
#3 /home/hopscon/public_html/hopscan-stg.com/wp-admin/admin-ajax.php(199): do_action('wp_ajax_nopriv_...')
#4 {main}
  thrown in /home/hopscon/public_html/hopscan-stg.com/wp-content/themes/martfury-child/phone-verify.php on line 34

2021-08-02T13:21:15+00:00 CRITICAL Uncaught Error: Call to a member function add_order_note() on null in /home/hopscon/public_html/hopscan-stg.com/wp-content/themes/martfury-child/phone-verify.php:34
Stack trace:
#0 /home/hopscon/public_html/hopscan-stg.com/wp-includes/class-wp-hook.php(287): sendotpforgot('')
#1 /home/hopscon/public_html/hopscan-stg.com/wp-includes/class-wp-hook.php(311): WP_Hook->apply_filters('', Array)
#2 /home/hopscon/public_html/hopscan-stg.com/wp-includes/plugin.php(484): WP_Hook->do_action(Array)
#3 /home/hopscon/public_html/hopscan-stg.com/wp-admin/admin-ajax.php(199): do_action('wp_ajax_nopriv_...')
#4 {main}
  thrown in /home/hopscon/public_html/hopscan-stg.com/wp-content/themes/martfury-child/phone-verify.php on line 34

