2021-08-06T12:16:09+00:00 CRITICAL Cannot redeclare custom_drop_billing_fields() (previously declared in /home/hopscon/public_html/hopscan-stg.com/wp-content/themes/martfury-child/footer.php:1147) in /home/hopscon/public_html/hopscan-stg.com/wp-content/themes/martfury-child/footer.php on line 1405

2021-08-06T12:16:13+00:00 CRITICAL Cannot redeclare custom_drop_billing_fields() (previously declared in /home/hopscon/public_html/hopscan-stg.com/wp-content/themes/martfury-child/footer.php:1147) in /home/hopscon/public_html/hopscan-stg.com/wp-content/themes/martfury-child/footer.php on line 1405

2021-08-06T12:16:15+00:00 CRITICAL Cannot redeclare custom_drop_billing_fields() (previously declared in /home/hopscon/public_html/hopscan-stg.com/wp-content/themes/martfury-child/footer.php:1147) in /home/hopscon/public_html/hopscan-stg.com/wp-content/themes/martfury-child/footer.php on line 1405

2021-08-06T12:16:16+00:00 CRITICAL Cannot redeclare custom_drop_billing_fields() (previously declared in /home/hopscon/public_html/hopscan-stg.com/wp-content/themes/martfury-child/footer.php:1147) in /home/hopscon/public_html/hopscan-stg.com/wp-content/themes/martfury-child/footer.php on line 1405

2021-08-06T12:36:37+00:00 CRITICAL Cannot redeclare custom_billing_fields1() (previously declared in /home/hopscon/public_html/hopscan-stg.com/wp-content/themes/martfury-child/footer.php:1030) in /home/hopscon/public_html/hopscan-stg.com/wp-content/themes/martfury-child/footer.php on line 1074

2021-08-06T12:36:39+00:00 CRITICAL Cannot redeclare custom_billing_fields1() (previously declared in /home/hopscon/public_html/hopscan-stg.com/wp-content/themes/martfury-child/footer.php:1030) in /home/hopscon/public_html/hopscan-stg.com/wp-content/themes/martfury-child/footer.php on line 1074

2021-08-06T12:36:40+00:00 CRITICAL Cannot redeclare custom_billing_fields1() (previously declared in /home/hopscon/public_html/hopscan-stg.com/wp-content/themes/martfury-child/footer.php:1030) in /home/hopscon/public_html/hopscan-stg.com/wp-content/themes/martfury-child/footer.php on line 1074

2021-08-06T12:36:41+00:00 CRITICAL Cannot redeclare custom_billing_fields1() (previously declared in /home/hopscon/public_html/hopscan-stg.com/wp-content/themes/martfury-child/footer.php:1030) in /home/hopscon/public_html/hopscan-stg.com/wp-content/themes/martfury-child/footer.php on line 1074

2021-08-06T12:45:57+00:00 CRITICAL Uncaught ArgumentCountError: Too few arguments to function custom_billing_fields_checkout(), 0 passed in /home/hopscon/public_html/hopscan-stg.com/wp-content/themes/martfury-child/functions.php on line 893 and exactly 1 expected in /home/hopscon/public_html/hopscan-stg.com/wp-content/themes/martfury-child/functions.php:1824
Stack trace:
#0 /home/hopscon/public_html/hopscan-stg.com/wp-content/themes/martfury-child/functions.php(893): custom_billing_fields_checkout()
#1 /home/hopscon/public_html/hopscan-stg.com/wp-includes/class-wp-hook.php(287): custom_checkout_script(Object(WC_Checkout))
#2 /home/hopscon/public_html/hopscan-stg.com/wp-includes/class-wp-hook.php(311): WP_Hook->apply_filters(NULL, Array)
#3 /home/hopscon/public_html/hopscan-stg.com/wp-includes/plugin.php(484): WP_Hook->do_action(Array)
#4 /home/hopscon/public_html/hopscan-stg.com/wp-content/themes/martfury-child/woocommerce/checkout/form-billing.php(95): do_action('woocommerce_aft...', Object(WC_Checkout))
#5 /home/hopscon/public_html/hopscan-s in /home/hopscon/public_html/hopscan-stg.com/wp-content/themes/martfury-child/functions.php on line 1824

2021-08-06T12:46:00+00:00 CRITICAL Uncaught ArgumentCountError: Too few arguments to function custom_billing_fields_checkout(), 0 passed in /home/hopscon/public_html/hopscan-stg.com/wp-content/themes/martfury-child/functions.php on line 893 and exactly 1 expected in /home/hopscon/public_html/hopscan-stg.com/wp-content/themes/martfury-child/functions.php:1824
Stack trace:
#0 /home/hopscon/public_html/hopscan-stg.com/wp-content/themes/martfury-child/functions.php(893): custom_billing_fields_checkout()
#1 /home/hopscon/public_html/hopscan-stg.com/wp-includes/class-wp-hook.php(287): custom_checkout_script(Object(WC_Checkout))
#2 /home/hopscon/public_html/hopscan-stg.com/wp-includes/class-wp-hook.php(311): WP_Hook->apply_filters(NULL, Array)
#3 /home/hopscon/public_html/hopscan-stg.com/wp-includes/plugin.php(484): WP_Hook->do_action(Array)
#4 /home/hopscon/public_html/hopscan-stg.com/wp-content/themes/martfury-child/woocommerce/checkout/form-billing.php(95): do_action('woocommerce_aft...', Object(WC_Checkout))
#5 /home/hopscon/public_html/hopscan-s in /home/hopscon/public_html/hopscan-stg.com/wp-content/themes/martfury-child/functions.php on line 1824

2021-08-06T12:46:03+00:00 CRITICAL Uncaught ArgumentCountError: Too few arguments to function custom_billing_fields_checkout(), 0 passed in /home/hopscon/public_html/hopscan-stg.com/wp-content/themes/martfury-child/footer.php on line 1058 and exactly 1 expected in /home/hopscon/public_html/hopscan-stg.com/wp-content/themes/martfury-child/functions.php:1824
Stack trace:
#0 /home/hopscon/public_html/hopscan-stg.com/wp-content/themes/martfury-child/footer.php(1058): custom_billing_fields_checkout()
#1 /home/hopscon/public_html/hopscan-stg.com/wp-includes/template.php(730): require_once('/home/hopscon/p...')
#2 /home/hopscon/public_html/hopscan-stg.com/wp-includes/template.php(676): load_template('/home/hopscon/p...', true, Array)
#3 /home/hopscon/public_html/hopscan-stg.com/wp-includes/general-template.php(92): locate_template(Array, true, true, Array)
#4 /home/hopscon/public_html/hopscan-stg.com/wp-content/themes/martfury/404.php(15): get_footer()
#5 /home/hopscon/public_html/hopscan-stg.com/wp-includes/template-loader.php(106): include('/home/h in /home/hopscon/public_html/hopscan-stg.com/wp-content/themes/martfury-child/functions.php on line 1824

2021-08-06T12:46:04+00:00 CRITICAL Uncaught ArgumentCountError: Too few arguments to function custom_billing_fields_checkout(), 0 passed in /home/hopscon/public_html/hopscan-stg.com/wp-content/themes/martfury-child/footer.php on line 1058 and exactly 1 expected in /home/hopscon/public_html/hopscan-stg.com/wp-content/themes/martfury-child/functions.php:1824
Stack trace:
#0 /home/hopscon/public_html/hopscan-stg.com/wp-content/themes/martfury-child/footer.php(1058): custom_billing_fields_checkout()
#1 /home/hopscon/public_html/hopscan-stg.com/wp-includes/template.php(730): require_once('/home/hopscon/p...')
#2 /home/hopscon/public_html/hopscan-stg.com/wp-includes/template.php(676): load_template('/home/hopscon/p...', true, Array)
#3 /home/hopscon/public_html/hopscan-stg.com/wp-includes/general-template.php(92): locate_template(Array, true, true, Array)
#4 /home/hopscon/public_html/hopscan-stg.com/wp-content/themes/martfury/404.php(15): get_footer()
#5 /home/hopscon/public_html/hopscan-stg.com/wp-includes/template-loader.php(106): include('/home/h in /home/hopscon/public_html/hopscan-stg.com/wp-content/themes/martfury-child/functions.php on line 1824

2021-08-06T12:46:05+00:00 CRITICAL Uncaught ArgumentCountError: Too few arguments to function custom_billing_fields_checkout(), 0 passed in /home/hopscon/public_html/hopscan-stg.com/wp-content/themes/martfury-child/footer.php on line 1058 and exactly 1 expected in /home/hopscon/public_html/hopscan-stg.com/wp-content/themes/martfury-child/functions.php:1824
Stack trace:
#0 /home/hopscon/public_html/hopscan-stg.com/wp-content/themes/martfury-child/footer.php(1058): custom_billing_fields_checkout()
#1 /home/hopscon/public_html/hopscan-stg.com/wp-includes/template.php(730): require_once('/home/hopscon/p...')
#2 /home/hopscon/public_html/hopscan-stg.com/wp-includes/template.php(676): load_template('/home/hopscon/p...', true, Array)
#3 /home/hopscon/public_html/hopscan-stg.com/wp-includes/general-template.php(92): locate_template(Array, true, true, Array)
#4 /home/hopscon/public_html/hopscan-stg.com/wp-content/themes/martfury/404.php(15): get_footer()
#5 /home/hopscon/public_html/hopscan-stg.com/wp-includes/template-loader.php(106): include('/home/h in /home/hopscon/public_html/hopscan-stg.com/wp-content/themes/martfury-child/functions.php on line 1824

2021-08-06T12:46:48+00:00 CRITICAL Uncaught ArgumentCountError: Too few arguments to function custom_billing_fields_checkout(), 0 passed in /home/hopscon/public_html/hopscan-stg.com/wp-content/themes/martfury-child/footer.php on line 1058 and exactly 1 expected in /home/hopscon/public_html/hopscan-stg.com/wp-content/themes/martfury-child/functions.php:1823
Stack trace:
#0 /home/hopscon/public_html/hopscan-stg.com/wp-content/themes/martfury-child/footer.php(1058): custom_billing_fields_checkout()
#1 /home/hopscon/public_html/hopscan-stg.com/wp-includes/template.php(730): require_once('/home/hopscon/p...')
#2 /home/hopscon/public_html/hopscan-stg.com/wp-includes/template.php(676): load_template('/home/hopscon/p...', true, Array)
#3 /home/hopscon/public_html/hopscan-stg.com/wp-includes/general-template.php(92): locate_template(Array, true, true, Array)
#4 /home/hopscon/public_html/hopscan-stg.com/wp-content/themes/martfury/page.php(35): get_footer()
#5 /home/hopscon/public_html/hopscan-stg.com/wp-includes/template-loader.php(106): include('/home/ in /home/hopscon/public_html/hopscan-stg.com/wp-content/themes/martfury-child/functions.php on line 1823

2021-08-06T12:46:50+00:00 CRITICAL Uncaught ArgumentCountError: Too few arguments to function custom_billing_fields_checkout(), 0 passed in /home/hopscon/public_html/hopscan-stg.com/wp-content/themes/martfury-child/footer.php on line 1058 and exactly 1 expected in /home/hopscon/public_html/hopscan-stg.com/wp-content/themes/martfury-child/functions.php:1823
Stack trace:
#0 /home/hopscon/public_html/hopscan-stg.com/wp-content/themes/martfury-child/footer.php(1058): custom_billing_fields_checkout()
#1 /home/hopscon/public_html/hopscan-stg.com/wp-includes/template.php(730): require_once('/home/hopscon/p...')
#2 /home/hopscon/public_html/hopscan-stg.com/wp-includes/template.php(676): load_template('/home/hopscon/p...', true, Array)
#3 /home/hopscon/public_html/hopscan-stg.com/wp-includes/general-template.php(92): locate_template(Array, true, true, Array)
#4 /home/hopscon/public_html/hopscan-stg.com/wp-content/themes/martfury/page.php(35): get_footer()
#5 /home/hopscon/public_html/hopscan-stg.com/wp-includes/template-loader.php(106): include('/home/ in /home/hopscon/public_html/hopscan-stg.com/wp-content/themes/martfury-child/functions.php on line 1823

2021-08-06T12:46:56+00:00 CRITICAL Uncaught ArgumentCountError: Too few arguments to function custom_billing_fields_checkout(), 0 passed in /home/hopscon/public_html/hopscan-stg.com/wp-content/themes/martfury-child/footer.php on line 1058 and exactly 1 expected in /home/hopscon/public_html/hopscan-stg.com/wp-content/themes/martfury-child/functions.php:1823
Stack trace:
#0 /home/hopscon/public_html/hopscan-stg.com/wp-content/themes/martfury-child/footer.php(1058): custom_billing_fields_checkout()
#1 /home/hopscon/public_html/hopscan-stg.com/wp-includes/template.php(730): require_once('/home/hopscon/p...')
#2 /home/hopscon/public_html/hopscan-stg.com/wp-includes/template.php(676): load_template('/home/hopscon/p...', true, Array)
#3 /home/hopscon/public_html/hopscan-stg.com/wp-includes/general-template.php(92): locate_template(Array, true, true, Array)
#4 /home/hopscon/public_html/hopscan-stg.com/wp-content/themes/martfury/404.php(15): get_footer()
#5 /home/hopscon/public_html/hopscan-stg.com/wp-includes/template-loader.php(106): include('/home/h in /home/hopscon/public_html/hopscan-stg.com/wp-content/themes/martfury-child/functions.php on line 1823

2021-08-06T12:46:57+00:00 CRITICAL Uncaught ArgumentCountError: Too few arguments to function custom_billing_fields_checkout(), 0 passed in /home/hopscon/public_html/hopscan-stg.com/wp-content/themes/martfury-child/footer.php on line 1058 and exactly 1 expected in /home/hopscon/public_html/hopscan-stg.com/wp-content/themes/martfury-child/functions.php:1823
Stack trace:
#0 /home/hopscon/public_html/hopscan-stg.com/wp-content/themes/martfury-child/footer.php(1058): custom_billing_fields_checkout()
#1 /home/hopscon/public_html/hopscan-stg.com/wp-includes/template.php(730): require_once('/home/hopscon/p...')
#2 /home/hopscon/public_html/hopscan-stg.com/wp-includes/template.php(676): load_template('/home/hopscon/p...', true, Array)
#3 /home/hopscon/public_html/hopscan-stg.com/wp-includes/general-template.php(92): locate_template(Array, true, true, Array)
#4 /home/hopscon/public_html/hopscan-stg.com/wp-content/themes/martfury/404.php(15): get_footer()
#5 /home/hopscon/public_html/hopscan-stg.com/wp-includes/template-loader.php(106): include('/home/h in /home/hopscon/public_html/hopscan-stg.com/wp-content/themes/martfury-child/functions.php on line 1823

2021-08-06T12:46:58+00:00 CRITICAL Uncaught ArgumentCountError: Too few arguments to function custom_billing_fields_checkout(), 0 passed in /home/hopscon/public_html/hopscan-stg.com/wp-content/themes/martfury-child/footer.php on line 1058 and exactly 1 expected in /home/hopscon/public_html/hopscan-stg.com/wp-content/themes/martfury-child/functions.php:1823
Stack trace:
#0 /home/hopscon/public_html/hopscan-stg.com/wp-content/themes/martfury-child/footer.php(1058): custom_billing_fields_checkout()
#1 /home/hopscon/public_html/hopscan-stg.com/wp-includes/template.php(730): require_once('/home/hopscon/p...')
#2 /home/hopscon/public_html/hopscan-stg.com/wp-includes/template.php(676): load_template('/home/hopscon/p...', true, Array)
#3 /home/hopscon/public_html/hopscan-stg.com/wp-includes/general-template.php(92): locate_template(Array, true, true, Array)
#4 /home/hopscon/public_html/hopscan-stg.com/wp-content/themes/martfury/404.php(15): get_footer()
#5 /home/hopscon/public_html/hopscan-stg.com/wp-includes/template-loader.php(106): include('/home/h in /home/hopscon/public_html/hopscan-stg.com/wp-content/themes/martfury-child/functions.php on line 1823

2021-08-06T13:08:29+00:00 CRITICAL Cannot redeclare misha_no_email_validation() (previously declared in /home/hopscon/public_html/hopscan-stg.com/wp-content/themes/martfury-child/footer.php:1063) in /home/hopscon/public_html/hopscan-stg.com/wp-content/themes/martfury-child/footer.php on line 1305

2021-08-06T13:08:32+00:00 CRITICAL Cannot redeclare misha_no_email_validation() (previously declared in /home/hopscon/public_html/hopscan-stg.com/wp-content/themes/martfury-child/footer.php:1063) in /home/hopscon/public_html/hopscan-stg.com/wp-content/themes/martfury-child/footer.php on line 1305

2021-08-06T13:08:33+00:00 CRITICAL Cannot redeclare misha_no_email_validation() (previously declared in /home/hopscon/public_html/hopscan-stg.com/wp-content/themes/martfury-child/footer.php:1063) in /home/hopscon/public_html/hopscan-stg.com/wp-content/themes/martfury-child/footer.php on line 1305

2021-08-06T13:08:35+00:00 CRITICAL Cannot redeclare misha_no_email_validation() (previously declared in /home/hopscon/public_html/hopscan-stg.com/wp-content/themes/martfury-child/footer.php:1063) in /home/hopscon/public_html/hopscan-stg.com/wp-content/themes/martfury-child/footer.php on line 1305

2021-08-06T13:08:37+00:00 CRITICAL Cannot redeclare misha_no_email_validation() (previously declared in /home/hopscon/public_html/hopscan-stg.com/wp-content/themes/martfury-child/footer.php:1063) in /home/hopscon/public_html/hopscan-stg.com/wp-content/themes/martfury-child/footer.php on line 1305

2021-08-06T13:08:39+00:00 CRITICAL Cannot redeclare misha_no_email_validation() (previously declared in /home/hopscon/public_html/hopscan-stg.com/wp-content/themes/martfury-child/footer.php:1063) in /home/hopscon/public_html/hopscan-stg.com/wp-content/themes/martfury-child/footer.php on line 1305

2021-08-06T13:08:41+00:00 CRITICAL Cannot redeclare misha_no_email_validation() (previously declared in /home/hopscon/public_html/hopscan-stg.com/wp-content/themes/martfury-child/footer.php:1063) in /home/hopscon/public_html/hopscan-stg.com/wp-content/themes/martfury-child/footer.php on line 1305

2021-08-06T13:08:42+00:00 CRITICAL Cannot redeclare misha_no_email_validation() (previously declared in /home/hopscon/public_html/hopscan-stg.com/wp-content/themes/martfury-child/footer.php:1063) in /home/hopscon/public_html/hopscan-stg.com/wp-content/themes/martfury-child/footer.php on line 1305

2021-08-06T13:08:44+00:00 CRITICAL Cannot redeclare misha_no_email_validation() (previously declared in /home/hopscon/public_html/hopscan-stg.com/wp-content/themes/martfury-child/footer.php:1063) in /home/hopscon/public_html/hopscan-stg.com/wp-content/themes/martfury-child/footer.php on line 1305

2021-08-06T13:08:45+00:00 CRITICAL Cannot redeclare misha_no_email_validation() (previously declared in /home/hopscon/public_html/hopscan-stg.com/wp-content/themes/martfury-child/footer.php:1063) in /home/hopscon/public_html/hopscan-stg.com/wp-content/themes/martfury-child/footer.php on line 1305

2021-08-06T13:08:46+00:00 CRITICAL Cannot redeclare misha_no_email_validation() (previously declared in /home/hopscon/public_html/hopscan-stg.com/wp-content/themes/martfury-child/footer.php:1063) in /home/hopscon/public_html/hopscan-stg.com/wp-content/themes/martfury-child/footer.php on line 1305

2021-08-06T13:08:47+00:00 CRITICAL Cannot redeclare misha_no_email_validation() (previously declared in /home/hopscon/public_html/hopscan-stg.com/wp-content/themes/martfury-child/footer.php:1063) in /home/hopscon/public_html/hopscan-stg.com/wp-content/themes/martfury-child/footer.php on line 1305

2021-08-06T13:08:48+00:00 CRITICAL Cannot redeclare misha_no_email_validation() (previously declared in /home/hopscon/public_html/hopscan-stg.com/wp-content/themes/martfury-child/footer.php:1063) in /home/hopscon/public_html/hopscan-stg.com/wp-content/themes/martfury-child/footer.php on line 1305

2021-08-06T13:08:48+00:00 CRITICAL Cannot redeclare misha_no_email_validation() (previously declared in /home/hopscon/public_html/hopscan-stg.com/wp-content/themes/martfury-child/footer.php:1063) in /home/hopscon/public_html/hopscan-stg.com/wp-content/themes/martfury-child/footer.php on line 1305

2021-08-06T13:08:48+00:00 CRITICAL Cannot redeclare misha_no_email_validation() (previously declared in /home/hopscon/public_html/hopscan-stg.com/wp-content/themes/martfury-child/footer.php:1063) in /home/hopscon/public_html/hopscan-stg.com/wp-content/themes/martfury-child/footer.php on line 1305

2021-08-06T13:08:49+00:00 CRITICAL Cannot redeclare misha_no_email_validation() (previously declared in /home/hopscon/public_html/hopscan-stg.com/wp-content/themes/martfury-child/footer.php:1063) in /home/hopscon/public_html/hopscan-stg.com/wp-content/themes/martfury-child/footer.php on line 1305

2021-08-06T13:08:50+00:00 CRITICAL Cannot redeclare misha_no_email_validation() (previously declared in /home/hopscon/public_html/hopscan-stg.com/wp-content/themes/martfury-child/footer.php:1063) in /home/hopscon/public_html/hopscan-stg.com/wp-content/themes/martfury-child/footer.php on line 1305

2021-08-06T13:08:55+00:00 CRITICAL Cannot redeclare misha_no_email_validation() (previously declared in /home/hopscon/public_html/hopscan-stg.com/wp-content/themes/martfury-child/footer.php:1063) in /home/hopscon/public_html/hopscan-stg.com/wp-content/themes/martfury-child/footer.php on line 1305

2021-08-06T13:08:57+00:00 CRITICAL Cannot redeclare misha_no_email_validation() (previously declared in /home/hopscon/public_html/hopscan-stg.com/wp-content/themes/martfury-child/footer.php:1063) in /home/hopscon/public_html/hopscan-stg.com/wp-content/themes/martfury-child/footer.php on line 1305

2021-08-06T13:08:58+00:00 CRITICAL Cannot redeclare misha_no_email_validation() (previously declared in /home/hopscon/public_html/hopscan-stg.com/wp-content/themes/martfury-child/footer.php:1063) in /home/hopscon/public_html/hopscan-stg.com/wp-content/themes/martfury-child/footer.php on line 1305

2021-08-06T13:08:59+00:00 CRITICAL Cannot redeclare misha_no_email_validation() (previously declared in /home/hopscon/public_html/hopscan-stg.com/wp-content/themes/martfury-child/footer.php:1063) in /home/hopscon/public_html/hopscan-stg.com/wp-content/themes/martfury-child/footer.php on line 1305

2021-08-06T13:19:35+00:00 CRITICAL Cannot redeclare misha_no_email_validation() (previously declared in /home/hopscon/public_html/hopscan-stg.com/wp-content/themes/martfury-child/fr-address-book-for-woocommerce/select-address.php:107) in /home/hopscon/public_html/hopscan-stg.com/wp-content/themes/martfury-child/fr-address-book-for-woocommerce/select-address.php on line 107

2021-08-06T13:53:37+00:00 CRITICAL syntax error, unexpected end of file in /home/hopscon/public_html/hopscan-stg.com/wp-content/themes/martfury-child/functions.php on line 1919

2021-08-06T13:55:17+00:00 CRITICAL syntax error, unexpected end of file in /home/hopscon/public_html/hopscan-stg.com/wp-content/themes/martfury-child/functions.php on line 1920

2021-08-06T13:55:18+00:00 CRITICAL syntax error, unexpected end of file in /home/hopscon/public_html/hopscan-stg.com/wp-content/themes/martfury-child/functions.php on line 1920

2021-08-06T13:55:32+00:00 CRITICAL syntax error, unexpected end of file in /home/hopscon/public_html/hopscan-stg.com/wp-content/themes/martfury-child/functions.php on line 1920

2021-08-06T13:55:33+00:00 CRITICAL syntax error, unexpected end of file in /home/hopscon/public_html/hopscan-stg.com/wp-content/themes/martfury-child/functions.php on line 1919

2021-08-06T13:55:35+00:00 CRITICAL syntax error, unexpected end of file in /home/hopscon/public_html/hopscan-stg.com/wp-content/themes/martfury-child/functions.php on line 1919

2021-08-06T13:55:36+00:00 CRITICAL syntax error, unexpected end of file in /home/hopscon/public_html/hopscan-stg.com/wp-content/themes/martfury-child/functions.php on line 1919

2021-08-06T13:56:11+00:00 CRITICAL syntax error, unexpected end of file in /home/hopscon/public_html/hopscan-stg.com/wp-content/themes/martfury-child/functions.php on line 1919

2021-08-06T13:56:12+00:00 CRITICAL syntax error, unexpected end of file in /home/hopscon/public_html/hopscan-stg.com/wp-content/themes/martfury-child/functions.php on line 1919

2021-08-06T13:57:29+00:00 CRITICAL Uncaught ArgumentCountError: Too few arguments to function misha_no_email_validation(), 0 passed in /home/hopscon/public_html/hopscan-stg.com/wp-content/themes/martfury-child/functions.php on line 1842 and exactly 1 expected in /home/hopscon/public_html/hopscan-stg.com/wp-content/themes/martfury-child/functions.php:1846
Stack trace:
#0 /home/hopscon/public_html/hopscan-stg.com/wp-content/themes/martfury-child/functions.php(1842): misha_no_email_validation()
#1 /home/hopscon/public_html/hopscan-stg.com/wp-includes/class-wp-hook.php(287): remove_required_state('')
#2 /home/hopscon/public_html/hopscan-stg.com/wp-includes/class-wp-hook.php(311): WP_Hook->apply_filters('', Array)
#3 /home/hopscon/public_html/hopscan-stg.com/wp-includes/plugin.php(484): WP_Hook->do_action(Array)
#4 /home/hopscon/public_html/hopscan-stg.com/wp-admin/admin-ajax.php(184): do_action('wp_ajax_remove_...')
#5 {main}
  thrown in /home/hopscon/public_html/hopscan-stg.com/wp-content/themes/martfury-child/functions.php on line 1846

2021-08-06T13:59:45+00:00 CRITICAL Uncaught ArgumentCountError: Too few arguments to function misha_no_email_validation(), 0 passed in /home/hopscon/public_html/hopscan-stg.com/wp-content/themes/martfury-child/functions.php on line 1842 and exactly 1 expected in /home/hopscon/public_html/hopscan-stg.com/wp-content/themes/martfury-child/functions.php:1846
Stack trace:
#0 /home/hopscon/public_html/hopscan-stg.com/wp-content/themes/martfury-child/functions.php(1842): misha_no_email_validation()
#1 /home/hopscon/public_html/hopscan-stg.com/wp-includes/class-wp-hook.php(287): remove_required_state('')
#2 /home/hopscon/public_html/hopscan-stg.com/wp-includes/class-wp-hook.php(311): WP_Hook->apply_filters('', Array)
#3 /home/hopscon/public_html/hopscan-stg.com/wp-includes/plugin.php(484): WP_Hook->do_action(Array)
#4 /home/hopscon/public_html/hopscan-stg.com/wp-admin/admin-ajax.php(184): do_action('wp_ajax_remove_...')
#5 {main}
  thrown in /home/hopscon/public_html/hopscan-stg.com/wp-content/themes/martfury-child/functions.php on line 1846

2021-08-06T14:03:11+00:00 CRITICAL Cannot redeclare misha_no_email_validation() (previously declared in /home/hopscon/public_html/hopscan-stg.com/wp-content/themes/martfury-child/functions.php:1851) in /home/hopscon/public_html/hopscan-stg.com/wp-content/themes/martfury-child/functions.php on line 1842

2021-08-06T14:52:45+00:00 CRITICAL Uncaught Error: Call to a member function get_meta() on null in /home/hopscon/public_html/hopscan-stg.com/wp-content/plugins/fr-address-book-for-woocommerce/src/Fr_Address_Book_for_WooCommerce_Customer.php:19
Stack trace:
#0 /home/hopscon/public_html/hopscan-stg.com/wp-content/themes/martfury-child/functions.php(1833): Fr_Address_Book_for_WooCommerce_Customer->get_addresses()
#1 /home/hopscon/public_html/hopscan-stg.com/wp-settings.php(525): include('/home/hopscon/p...')
#2 /home/hopscon/public_html/hopscan-stg.com/wp-config.php(179): require_once('/home/hopscon/p...')
#3 /home/hopscon/public_html/hopscan-stg.com/wp-load.php(37): require_once('/home/hopscon/p...')
#4 /home/hopscon/public_html/hopscan-stg.com/wp-blog-header.php(13): require_once('/home/hopscon/p...')
#5 /home/hopscon/public_html/hopscan-stg.com/index.php(17): require('/home/hopscon/p...')
#6 {main}
  thrown in /home/hopscon/public_html/hopscan-stg.com/wp-content/plugins/fr-address-book-for-woocommerce/src/Fr_Address_Book_for_WooCommerce_Customer.php on line 19

2021-08-06T14:52:46+00:00 CRITICAL Uncaught Error: Call to a member function get_meta() on null in /home/hopscon/public_html/hopscan-stg.com/wp-content/plugins/fr-address-book-for-woocommerce/src/Fr_Address_Book_for_WooCommerce_Customer.php:19
Stack trace:
#0 /home/hopscon/public_html/hopscan-stg.com/wp-content/themes/martfury-child/functions.php(1833): Fr_Address_Book_for_WooCommerce_Customer->get_addresses()
#1 /home/hopscon/public_html/hopscan-stg.com/wp-settings.php(525): include('/home/hopscon/p...')
#2 /home/hopscon/public_html/hopscan-stg.com/wp-config.php(179): require_once('/home/hopscon/p...')
#3 /home/hopscon/public_html/hopscan-stg.com/wp-load.php(37): require_once('/home/hopscon/p...')
#4 /home/hopscon/public_html/hopscan-stg.com/wp-blog-header.php(13): require_once('/home/hopscon/p...')
#5 /home/hopscon/public_html/hopscan-stg.com/index.php(17): require('/home/hopscon/p...')
#6 {main}
  thrown in /home/hopscon/public_html/hopscan-stg.com/wp-content/plugins/fr-address-book-for-woocommerce/src/Fr_Address_Book_for_WooCommerce_Customer.php on line 19

2021-08-06T14:52:47+00:00 CRITICAL Uncaught Error: Call to a member function get_meta() on null in /home/hopscon/public_html/hopscan-stg.com/wp-content/plugins/fr-address-book-for-woocommerce/src/Fr_Address_Book_for_WooCommerce_Customer.php:19
Stack trace:
#0 /home/hopscon/public_html/hopscan-stg.com/wp-content/themes/martfury-child/functions.php(1833): Fr_Address_Book_for_WooCommerce_Customer->get_addresses()
#1 /home/hopscon/public_html/hopscan-stg.com/wp-settings.php(525): include('/home/hopscon/p...')
#2 /home/hopscon/public_html/hopscan-stg.com/wp-config.php(179): require_once('/home/hopscon/p...')
#3 /home/hopscon/public_html/hopscan-stg.com/wp-load.php(37): require_once('/home/hopscon/p...')
#4 /home/hopscon/public_html/hopscan-stg.com/wp-blog-header.php(13): require_once('/home/hopscon/p...')
#5 /home/hopscon/public_html/hopscan-stg.com/index.php(17): require('/home/hopscon/p...')
#6 {main}
  thrown in /home/hopscon/public_html/hopscan-stg.com/wp-content/plugins/fr-address-book-for-woocommerce/src/Fr_Address_Book_for_WooCommerce_Customer.php on line 19

2021-08-06T14:53:10+00:00 CRITICAL Uncaught Error: Call to a member function get_meta() on null in /home/hopscon/public_html/hopscan-stg.com/wp-content/plugins/fr-address-book-for-woocommerce/src/Fr_Address_Book_for_WooCommerce_Customer.php:19
Stack trace:
#0 /home/hopscon/public_html/hopscan-stg.com/wp-content/themes/martfury-child/functions.php(1833): Fr_Address_Book_for_WooCommerce_Customer->get_addresses()
#1 /home/hopscon/public_html/hopscan-stg.com/wp-settings.php(525): include('/home/hopscon/p...')
#2 /home/hopscon/public_html/hopscan-stg.com/wp-config.php(179): require_once('/home/hopscon/p...')
#3 /home/hopscon/public_html/hopscan-stg.com/wp-load.php(37): require_once('/home/hopscon/p...')
#4 /home/hopscon/public_html/hopscan-stg.com/wp-blog-header.php(13): require_once('/home/hopscon/p...')
#5 /home/hopscon/public_html/hopscan-stg.com/index.php(17): require('/home/hopscon/p...')
#6 {main}
  thrown in /home/hopscon/public_html/hopscan-stg.com/wp-content/plugins/fr-address-book-for-woocommerce/src/Fr_Address_Book_for_WooCommerce_Customer.php on line 19

2021-08-06T16:11:37+00:00 CRITICAL syntax error, unexpected end of file in /home/hopscon/public_html/hopscan-stg.com/wp-content/themes/martfury-child/functions.php on line 1927

2021-08-06T16:11:38+00:00 CRITICAL syntax error, unexpected end of file in /home/hopscon/public_html/hopscan-stg.com/wp-content/themes/martfury-child/functions.php on line 1927

2021-08-06T16:11:54+00:00 CRITICAL syntax error, unexpected end of file in /home/hopscon/public_html/hopscan-stg.com/wp-content/themes/martfury-child/functions.php on line 1927

2021-08-06T16:11:55+00:00 CRITICAL syntax error, unexpected end of file in /home/hopscon/public_html/hopscan-stg.com/wp-content/themes/martfury-child/functions.php on line 1927

2021-08-06T16:12:10+00:00 CRITICAL syntax error, unexpected end of file in /home/hopscon/public_html/hopscan-stg.com/wp-content/themes/martfury-child/functions.php on line 1927

2021-08-06T16:17:39+00:00 CRITICAL Uncaught Error: Call to a member function get_meta() on null in /home/hopscon/public_html/hopscan-stg.com/wp-content/plugins/fr-address-book-for-woocommerce/src/Fr_Address_Book_for_WooCommerce_Customer.php:19
Stack trace:
#0 /home/hopscon/public_html/hopscan-stg.com/wp-content/themes/martfury-child/functions.php(1833): Fr_Address_Book_for_WooCommerce_Customer->get_addresses()
#1 /home/hopscon/public_html/hopscan-stg.com/wp-settings.php(525): include('/home/hopscon/p...')
#2 /home/hopscon/public_html/hopscan-stg.com/wp-config.php(179): require_once('/home/hopscon/p...')
#3 /home/hopscon/public_html/hopscan-stg.com/wp-load.php(37): require_once('/home/hopscon/p...')
#4 /home/hopscon/public_html/hopscan-stg.com/wp-blog-header.php(13): require_once('/home/hopscon/p...')
#5 /home/hopscon/public_html/hopscan-stg.com/index.php(17): require('/home/hopscon/p...')
#6 {main}
  thrown in /home/hopscon/public_html/hopscan-stg.com/wp-content/plugins/fr-address-book-for-woocommerce/src/Fr_Address_Book_for_WooCommerce_Customer.php on line 19

2021-08-06T16:17:40+00:00 CRITICAL Uncaught Error: Call to a member function get_meta() on null in /home/hopscon/public_html/hopscan-stg.com/wp-content/plugins/fr-address-book-for-woocommerce/src/Fr_Address_Book_for_WooCommerce_Customer.php:19
Stack trace:
#0 /home/hopscon/public_html/hopscan-stg.com/wp-content/themes/martfury-child/functions.php(1833): Fr_Address_Book_for_WooCommerce_Customer->get_addresses()
#1 /home/hopscon/public_html/hopscan-stg.com/wp-settings.php(525): include('/home/hopscon/p...')
#2 /home/hopscon/public_html/hopscan-stg.com/wp-config.php(179): require_once('/home/hopscon/p...')
#3 /home/hopscon/public_html/hopscan-stg.com/wp-load.php(37): require_once('/home/hopscon/p...')
#4 /home/hopscon/public_html/hopscan-stg.com/wp-blog-header.php(13): require_once('/home/hopscon/p...')
#5 /home/hopscon/public_html/hopscan-stg.com/index.php(17): require('/home/hopscon/p...')
#6 {main}
  thrown in /home/hopscon/public_html/hopscan-stg.com/wp-content/plugins/fr-address-book-for-woocommerce/src/Fr_Address_Book_for_WooCommerce_Customer.php on line 19

2021-08-06T16:17:40+00:00 CRITICAL Uncaught Error: Call to a member function get_meta() on null in /home/hopscon/public_html/hopscan-stg.com/wp-content/plugins/fr-address-book-for-woocommerce/src/Fr_Address_Book_for_WooCommerce_Customer.php:19
Stack trace:
#0 /home/hopscon/public_html/hopscan-stg.com/wp-content/themes/martfury-child/functions.php(1833): Fr_Address_Book_for_WooCommerce_Customer->get_addresses()
#1 /home/hopscon/public_html/hopscan-stg.com/wp-settings.php(525): include('/home/hopscon/p...')
#2 /home/hopscon/public_html/hopscan-stg.com/wp-config.php(179): require_once('/home/hopscon/p...')
#3 /home/hopscon/public_html/hopscan-stg.com/wp-load.php(37): require_once('/home/hopscon/p...')
#4 /home/hopscon/public_html/hopscan-stg.com/wp-blog-header.php(13): require_once('/home/hopscon/p...')
#5 /home/hopscon/public_html/hopscan-stg.com/index.php(17): require('/home/hopscon/p...')
#6 {main}
  thrown in /home/hopscon/public_html/hopscan-stg.com/wp-content/plugins/fr-address-book-for-woocommerce/src/Fr_Address_Book_for_WooCommerce_Customer.php on line 19

2021-08-06T16:17:42+00:00 CRITICAL Uncaught Error: Call to a member function get_meta() on null in /home/hopscon/public_html/hopscan-stg.com/wp-content/plugins/fr-address-book-for-woocommerce/src/Fr_Address_Book_for_WooCommerce_Customer.php:19
Stack trace:
#0 /home/hopscon/public_html/hopscan-stg.com/wp-content/themes/martfury-child/functions.php(1833): Fr_Address_Book_for_WooCommerce_Customer->get_addresses()
#1 /home/hopscon/public_html/hopscan-stg.com/wp-settings.php(525): include('/home/hopscon/p...')
#2 /home/hopscon/public_html/hopscan-stg.com/wp-config.php(179): require_once('/home/hopscon/p...')
#3 /home/hopscon/public_html/hopscan-stg.com/wp-load.php(37): require_once('/home/hopscon/p...')
#4 /home/hopscon/public_html/hopscan-stg.com/wp-admin/admin-ajax.php(22): require_once('/home/hopscon/p...')
#5 {main}
  thrown in /home/hopscon/public_html/hopscan-stg.com/wp-content/plugins/fr-address-book-for-woocommerce/src/Fr_Address_Book_for_WooCommerce_Customer.php on line 19

2021-08-06T16:17:43+00:00 CRITICAL Uncaught Error: Call to a member function get_meta() on null in /home/hopscon/public_html/hopscan-stg.com/wp-content/plugins/fr-address-book-for-woocommerce/src/Fr_Address_Book_for_WooCommerce_Customer.php:19
Stack trace:
#0 /home/hopscon/public_html/hopscan-stg.com/wp-content/themes/martfury-child/functions.php(1833): Fr_Address_Book_for_WooCommerce_Customer->get_addresses()
#1 /home/hopscon/public_html/hopscan-stg.com/wp-settings.php(525): include('/home/hopscon/p...')
#2 /home/hopscon/public_html/hopscan-stg.com/wp-config.php(179): require_once('/home/hopscon/p...')
#3 /home/hopscon/public_html/hopscan-stg.com/wp-load.php(37): require_once('/home/hopscon/p...')
#4 /home/hopscon/public_html/hopscan-stg.com/wp-admin/admin-ajax.php(22): require_once('/home/hopscon/p...')
#5 {main}
  thrown in /home/hopscon/public_html/hopscan-stg.com/wp-content/plugins/fr-address-book-for-woocommerce/src/Fr_Address_Book_for_WooCommerce_Customer.php on line 19

2021-08-06T16:17:44+00:00 CRITICAL Uncaught Error: Call to a member function get_meta() on null in /home/hopscon/public_html/hopscan-stg.com/wp-content/plugins/fr-address-book-for-woocommerce/src/Fr_Address_Book_for_WooCommerce_Customer.php:19
Stack trace:
#0 /home/hopscon/public_html/hopscan-stg.com/wp-content/themes/martfury-child/functions.php(1833): Fr_Address_Book_for_WooCommerce_Customer->get_addresses()
#1 /home/hopscon/public_html/hopscan-stg.com/wp-settings.php(525): include('/home/hopscon/p...')
#2 /home/hopscon/public_html/hopscan-stg.com/wp-config.php(179): require_once('/home/hopscon/p...')
#3 /home/hopscon/public_html/hopscan-stg.com/wp-load.php(37): require_once('/home/hopscon/p...')
#4 /home/hopscon/public_html/hopscan-stg.com/wp-admin/admin-ajax.php(22): require_once('/home/hopscon/p...')
#5 {main}
  thrown in /home/hopscon/public_html/hopscan-stg.com/wp-content/plugins/fr-address-book-for-woocommerce/src/Fr_Address_Book_for_WooCommerce_Customer.php on line 19

2021-08-06T16:17:44+00:00 CRITICAL Uncaught Error: Call to a member function get_meta() on null in /home/hopscon/public_html/hopscan-stg.com/wp-content/plugins/fr-address-book-for-woocommerce/src/Fr_Address_Book_for_WooCommerce_Customer.php:19
Stack trace:
#0 /home/hopscon/public_html/hopscan-stg.com/wp-content/themes/martfury-child/functions.php(1833): Fr_Address_Book_for_WooCommerce_Customer->get_addresses()
#1 /home/hopscon/public_html/hopscan-stg.com/wp-settings.php(525): include('/home/hopscon/p...')
#2 /home/hopscon/public_html/hopscan-stg.com/wp-config.php(179): require_once('/home/hopscon/p...')
#3 /home/hopscon/public_html/hopscan-stg.com/wp-load.php(37): require_once('/home/hopscon/p...')
#4 /home/hopscon/public_html/hopscan-stg.com/wp-admin/admin-ajax.php(22): require_once('/home/hopscon/p...')
#5 {main}
  thrown in /home/hopscon/public_html/hopscan-stg.com/wp-content/plugins/fr-address-book-for-woocommerce/src/Fr_Address_Book_for_WooCommerce_Customer.php on line 19

2021-08-06T16:17:45+00:00 CRITICAL Uncaught Error: Call to a member function get_meta() on null in /home/hopscon/public_html/hopscan-stg.com/wp-content/plugins/fr-address-book-for-woocommerce/src/Fr_Address_Book_for_WooCommerce_Customer.php:19
Stack trace:
#0 /home/hopscon/public_html/hopscan-stg.com/wp-content/themes/martfury-child/functions.php(1833): Fr_Address_Book_for_WooCommerce_Customer->get_addresses()
#1 /home/hopscon/public_html/hopscan-stg.com/wp-settings.php(525): include('/home/hopscon/p...')
#2 /home/hopscon/public_html/hopscan-stg.com/wp-config.php(179): require_once('/home/hopscon/p...')
#3 /home/hopscon/public_html/hopscan-stg.com/wp-load.php(37): require_once('/home/hopscon/p...')
#4 /home/hopscon/public_html/hopscan-stg.com/wp-admin/admin-ajax.php(22): require_once('/home/hopscon/p...')
#5 {main}
  thrown in /home/hopscon/public_html/hopscan-stg.com/wp-content/plugins/fr-address-book-for-woocommerce/src/Fr_Address_Book_for_WooCommerce_Customer.php on line 19

2021-08-06T16:17:45+00:00 CRITICAL Uncaught Error: Call to a member function get_meta() on null in /home/hopscon/public_html/hopscan-stg.com/wp-content/plugins/fr-address-book-for-woocommerce/src/Fr_Address_Book_for_WooCommerce_Customer.php:19
Stack trace:
#0 /home/hopscon/public_html/hopscan-stg.com/wp-content/themes/martfury-child/functions.php(1833): Fr_Address_Book_for_WooCommerce_Customer->get_addresses()
#1 /home/hopscon/public_html/hopscan-stg.com/wp-settings.php(525): include('/home/hopscon/p...')
#2 /home/hopscon/public_html/hopscan-stg.com/wp-config.php(179): require_once('/home/hopscon/p...')
#3 /home/hopscon/public_html/hopscan-stg.com/wp-load.php(37): require_once('/home/hopscon/p...')
#4 /home/hopscon/public_html/hopscan-stg.com/wp-admin/admin-ajax.php(22): require_once('/home/hopscon/p...')
#5 {main}
  thrown in /home/hopscon/public_html/hopscan-stg.com/wp-content/plugins/fr-address-book-for-woocommerce/src/Fr_Address_Book_for_WooCommerce_Customer.php on line 19

2021-08-06T16:17:46+00:00 CRITICAL Uncaught Error: Call to a member function get_meta() on null in /home/hopscon/public_html/hopscan-stg.com/wp-content/plugins/fr-address-book-for-woocommerce/src/Fr_Address_Book_for_WooCommerce_Customer.php:19
Stack trace:
#0 /home/hopscon/public_html/hopscan-stg.com/wp-content/themes/martfury-child/functions.php(1833): Fr_Address_Book_for_WooCommerce_Customer->get_addresses()
#1 /home/hopscon/public_html/hopscan-stg.com/wp-settings.php(525): include('/home/hopscon/p...')
#2 /home/hopscon/public_html/hopscan-stg.com/wp-config.php(179): require_once('/home/hopscon/p...')
#3 /home/hopscon/public_html/hopscan-stg.com/wp-load.php(37): require_once('/home/hopscon/p...')
#4 /home/hopscon/public_html/hopscan-stg.com/wp-blog-header.php(13): require_once('/home/hopscon/p...')
#5 /home/hopscon/public_html/hopscan-stg.com/index.php(17): require('/home/hopscon/p...')
#6 {main}
  thrown in /home/hopscon/public_html/hopscan-stg.com/wp-content/plugins/fr-address-book-for-woocommerce/src/Fr_Address_Book_for_WooCommerce_Customer.php on line 19

2021-08-06T16:17:46+00:00 CRITICAL Uncaught Error: Call to a member function get_meta() on null in /home/hopscon/public_html/hopscan-stg.com/wp-content/plugins/fr-address-book-for-woocommerce/src/Fr_Address_Book_for_WooCommerce_Customer.php:19
Stack trace:
#0 /home/hopscon/public_html/hopscan-stg.com/wp-content/themes/martfury-child/functions.php(1833): Fr_Address_Book_for_WooCommerce_Customer->get_addresses()
#1 /home/hopscon/public_html/hopscan-stg.com/wp-settings.php(525): include('/home/hopscon/p...')
#2 /home/hopscon/public_html/hopscan-stg.com/wp-config.php(179): require_once('/home/hopscon/p...')
#3 /home/hopscon/public_html/hopscan-stg.com/wp-load.php(37): require_once('/home/hopscon/p...')
#4 /home/hopscon/public_html/hopscan-stg.com/wp-blog-header.php(13): require_once('/home/hopscon/p...')
#5 /home/hopscon/public_html/hopscan-stg.com/index.php(17): require('/home/hopscon/p...')
#6 {main}
  thrown in /home/hopscon/public_html/hopscan-stg.com/wp-content/plugins/fr-address-book-for-woocommerce/src/Fr_Address_Book_for_WooCommerce_Customer.php on line 19

2021-08-06T16:17:47+00:00 CRITICAL Uncaught Error: Call to a member function get_meta() on null in /home/hopscon/public_html/hopscan-stg.com/wp-content/plugins/fr-address-book-for-woocommerce/src/Fr_Address_Book_for_WooCommerce_Customer.php:19
Stack trace:
#0 /home/hopscon/public_html/hopscan-stg.com/wp-content/themes/martfury-child/functions.php(1833): Fr_Address_Book_for_WooCommerce_Customer->get_addresses()
#1 /home/hopscon/public_html/hopscan-stg.com/wp-settings.php(525): include('/home/hopscon/p...')
#2 /home/hopscon/public_html/hopscan-stg.com/wp-config.php(179): require_once('/home/hopscon/p...')
#3 /home/hopscon/public_html/hopscan-stg.com/wp-load.php(37): require_once('/home/hopscon/p...')
#4 /home/hopscon/public_html/hopscan-stg.com/wp-admin/admin-ajax.php(22): require_once('/home/hopscon/p...')
#5 {main}
  thrown in /home/hopscon/public_html/hopscan-stg.com/wp-content/plugins/fr-address-book-for-woocommerce/src/Fr_Address_Book_for_WooCommerce_Customer.php on line 19

2021-08-06T16:17:48+00:00 CRITICAL Uncaught Error: Call to a member function get_meta() on null in /home/hopscon/public_html/hopscan-stg.com/wp-content/plugins/fr-address-book-for-woocommerce/src/Fr_Address_Book_for_WooCommerce_Customer.php:19
Stack trace:
#0 /home/hopscon/public_html/hopscan-stg.com/wp-content/themes/martfury-child/functions.php(1833): Fr_Address_Book_for_WooCommerce_Customer->get_addresses()
#1 /home/hopscon/public_html/hopscan-stg.com/wp-settings.php(525): include('/home/hopscon/p...')
#2 /home/hopscon/public_html/hopscan-stg.com/wp-config.php(179): require_once('/home/hopscon/p...')
#3 /home/hopscon/public_html/hopscan-stg.com/wp-load.php(37): require_once('/home/hopscon/p...')
#4 /home/hopscon/public_html/hopscan-stg.com/wp-blog-header.php(13): require_once('/home/hopscon/p...')
#5 /home/hopscon/public_html/hopscan-stg.com/index.php(17): require('/home/hopscon/p...')
#6 {main}
  thrown in /home/hopscon/public_html/hopscan-stg.com/wp-content/plugins/fr-address-book-for-woocommerce/src/Fr_Address_Book_for_WooCommerce_Customer.php on line 19

2021-08-06T16:17:57+00:00 CRITICAL Uncaught Error: Call to a member function get_meta() on null in /home/hopscon/public_html/hopscan-stg.com/wp-content/plugins/fr-address-book-for-woocommerce/src/Fr_Address_Book_for_WooCommerce_Customer.php:19
Stack trace:
#0 /home/hopscon/public_html/hopscan-stg.com/wp-content/themes/martfury-child/functions.php(1833): Fr_Address_Book_for_WooCommerce_Customer->get_addresses()
#1 /home/hopscon/public_html/hopscan-stg.com/wp-settings.php(525): include('/home/hopscon/p...')
#2 /home/hopscon/public_html/hopscan-stg.com/wp-config.php(179): require_once('/home/hopscon/p...')
#3 /home/hopscon/public_html/hopscan-stg.com/wp-load.php(37): require_once('/home/hopscon/p...')
#4 /home/hopscon/public_html/hopscan-stg.com/wp-login.php(12): require('/home/hopscon/p...')
#5 {main}
  thrown in /home/hopscon/public_html/hopscan-stg.com/wp-content/plugins/fr-address-book-for-woocommerce/src/Fr_Address_Book_for_WooCommerce_Customer.php on line 19

2021-08-06T16:18:50+00:00 CRITICAL Uncaught Error: Call to a member function get_meta() on null in /home/hopscon/public_html/hopscan-stg.com/wp-content/plugins/fr-address-book-for-woocommerce/src/Fr_Address_Book_for_WooCommerce_Customer.php:19
Stack trace:
#0 /home/hopscon/public_html/hopscan-stg.com/wp-content/themes/martfury-child/functions.php(1832): Fr_Address_Book_for_WooCommerce_Customer->get_addresses()
#1 /home/hopscon/public_html/hopscan-stg.com/wp-settings.php(525): include('/home/hopscon/p...')
#2 /home/hopscon/public_html/hopscan-stg.com/wp-config.php(179): require_once('/home/hopscon/p...')
#3 /home/hopscon/public_html/hopscan-stg.com/wp-load.php(37): require_once('/home/hopscon/p...')
#4 /home/hopscon/public_html/hopscan-stg.com/wp-blog-header.php(13): require_once('/home/hopscon/p...')
#5 /home/hopscon/public_html/hopscan-stg.com/index.php(17): require('/home/hopscon/p...')
#6 {main}
  thrown in /home/hopscon/public_html/hopscan-stg.com/wp-content/plugins/fr-address-book-for-woocommerce/src/Fr_Address_Book_for_WooCommerce_Customer.php on line 19

2021-08-06T16:18:52+00:00 CRITICAL Uncaught Error: Call to a member function get_meta() on null in /home/hopscon/public_html/hopscan-stg.com/wp-content/plugins/fr-address-book-for-woocommerce/src/Fr_Address_Book_for_WooCommerce_Customer.php:19
Stack trace:
#0 /home/hopscon/public_html/hopscan-stg.com/wp-content/themes/martfury-child/functions.php(1832): Fr_Address_Book_for_WooCommerce_Customer->get_addresses()
#1 /home/hopscon/public_html/hopscan-stg.com/wp-settings.php(525): include('/home/hopscon/p...')
#2 /home/hopscon/public_html/hopscan-stg.com/wp-config.php(179): require_once('/home/hopscon/p...')
#3 /home/hopscon/public_html/hopscan-stg.com/wp-load.php(37): require_once('/home/hopscon/p...')
#4 /home/hopscon/public_html/hopscan-stg.com/wp-blog-header.php(13): require_once('/home/hopscon/p...')
#5 /home/hopscon/public_html/hopscan-stg.com/index.php(17): require('/home/hopscon/p...')
#6 {main}
  thrown in /home/hopscon/public_html/hopscan-stg.com/wp-content/plugins/fr-address-book-for-woocommerce/src/Fr_Address_Book_for_WooCommerce_Customer.php on line 19

2021-08-06T16:18:52+00:00 CRITICAL Uncaught Error: Call to a member function get_meta() on null in /home/hopscon/public_html/hopscan-stg.com/wp-content/plugins/fr-address-book-for-woocommerce/src/Fr_Address_Book_for_WooCommerce_Customer.php:19
Stack trace:
#0 /home/hopscon/public_html/hopscan-stg.com/wp-content/themes/martfury-child/functions.php(1832): Fr_Address_Book_for_WooCommerce_Customer->get_addresses()
#1 /home/hopscon/public_html/hopscan-stg.com/wp-settings.php(525): include('/home/hopscon/p...')
#2 /home/hopscon/public_html/hopscan-stg.com/wp-config.php(179): require_once('/home/hopscon/p...')
#3 /home/hopscon/public_html/hopscan-stg.com/wp-load.php(37): require_once('/home/hopscon/p...')
#4 /home/hopscon/public_html/hopscan-stg.com/wp-blog-header.php(13): require_once('/home/hopscon/p...')
#5 /home/hopscon/public_html/hopscan-stg.com/index.php(17): require('/home/hopscon/p...')
#6 {main}
  thrown in /home/hopscon/public_html/hopscan-stg.com/wp-content/plugins/fr-address-book-for-woocommerce/src/Fr_Address_Book_for_WooCommerce_Customer.php on line 19

2021-08-06T16:18:53+00:00 CRITICAL Uncaught Error: Call to a member function get_meta() on null in /home/hopscon/public_html/hopscan-stg.com/wp-content/plugins/fr-address-book-for-woocommerce/src/Fr_Address_Book_for_WooCommerce_Customer.php:19
Stack trace:
#0 /home/hopscon/public_html/hopscan-stg.com/wp-content/themes/martfury-child/functions.php(1832): Fr_Address_Book_for_WooCommerce_Customer->get_addresses()
#1 /home/hopscon/public_html/hopscan-stg.com/wp-settings.php(525): include('/home/hopscon/p...')
#2 /home/hopscon/public_html/hopscan-stg.com/wp-config.php(179): require_once('/home/hopscon/p...')
#3 /home/hopscon/public_html/hopscan-stg.com/wp-load.php(37): require_once('/home/hopscon/p...')
#4 /home/hopscon/public_html/hopscan-stg.com/wp-blog-header.php(13): require_once('/home/hopscon/p...')
#5 /home/hopscon/public_html/hopscan-stg.com/index.php(17): require('/home/hopscon/p...')
#6 {main}
  thrown in /home/hopscon/public_html/hopscan-stg.com/wp-content/plugins/fr-address-book-for-woocommerce/src/Fr_Address_Book_for_WooCommerce_Customer.php on line 19

2021-08-06T16:22:48+00:00 CRITICAL Uncaught Error: Call to a member function get_addresses() on null in /home/hopscon/public_html/hopscan-stg.com/wp-content/themes/martfury-child/functions.php:1832
Stack trace:
#0 /home/hopscon/public_html/hopscan-stg.com/wp-settings.php(525): include()
#1 /home/hopscon/public_html/hopscan-stg.com/wp-config.php(179): require_once('/home/hopscon/p...')
#2 /home/hopscon/public_html/hopscan-stg.com/wp-load.php(37): require_once('/home/hopscon/p...')
#3 /home/hopscon/public_html/hopscan-stg.com/wp-blog-header.php(13): require_once('/home/hopscon/p...')
#4 /home/hopscon/public_html/hopscan-stg.com/index.php(17): require('/home/hopscon/p...')
#5 {main}
  thrown in /home/hopscon/public_html/hopscan-stg.com/wp-content/themes/martfury-child/functions.php on line 1832

2021-08-06T16:22:50+00:00 CRITICAL Uncaught Error: Call to a member function get_addresses() on null in /home/hopscon/public_html/hopscan-stg.com/wp-content/themes/martfury-child/functions.php:1832
Stack trace:
#0 /home/hopscon/public_html/hopscan-stg.com/wp-settings.php(525): include()
#1 /home/hopscon/public_html/hopscan-stg.com/wp-config.php(179): require_once('/home/hopscon/p...')
#2 /home/hopscon/public_html/hopscan-stg.com/wp-load.php(37): require_once('/home/hopscon/p...')
#3 /home/hopscon/public_html/hopscan-stg.com/wp-blog-header.php(13): require_once('/home/hopscon/p...')
#4 /home/hopscon/public_html/hopscan-stg.com/index.php(17): require('/home/hopscon/p...')
#5 {main}
  thrown in /home/hopscon/public_html/hopscan-stg.com/wp-content/themes/martfury-child/functions.php on line 1832

2021-08-06T16:23:00+00:00 CRITICAL Uncaught Error: Call to a member function get_addresses() on null in /home/hopscon/public_html/hopscan-stg.com/wp-content/themes/martfury-child/functions.php:1832
Stack trace:
#0 /home/hopscon/public_html/hopscan-stg.com/wp-settings.php(525): include()
#1 /home/hopscon/public_html/hopscan-stg.com/wp-config.php(179): require_once('/home/hopscon/p...')
#2 /home/hopscon/public_html/hopscan-stg.com/wp-load.php(37): require_once('/home/hopscon/p...')
#3 /home/hopscon/public_html/hopscan-stg.com/wp-login.php(12): require('/home/hopscon/p...')
#4 {main}
  thrown in /home/hopscon/public_html/hopscan-stg.com/wp-content/themes/martfury-child/functions.php on line 1832

2021-08-06T16:24:36+00:00 CRITICAL Uncaught Error: Call to a member function get_meta() on null in /home/hopscon/public_html/hopscan-stg.com/wp-content/themes/martfury-child/functions.php:1834
Stack trace:
#0 /home/hopscon/public_html/hopscan-stg.com/wp-settings.php(525): include()
#1 /home/hopscon/public_html/hopscan-stg.com/wp-config.php(179): require_once('/home/hopscon/p...')
#2 /home/hopscon/public_html/hopscan-stg.com/wp-load.php(37): require_once('/home/hopscon/p...')
#3 /home/hopscon/public_html/hopscan-stg.com/wp-blog-header.php(13): require_once('/home/hopscon/p...')
#4 /home/hopscon/public_html/hopscan-stg.com/index.php(17): require('/home/hopscon/p...')
#5 {main}
  thrown in /home/hopscon/public_html/hopscan-stg.com/wp-content/themes/martfury-child/functions.php on line 1834

2021-08-06T16:24:38+00:00 CRITICAL Uncaught Error: Call to a member function get_meta() on null in /home/hopscon/public_html/hopscan-stg.com/wp-content/themes/martfury-child/functions.php:1834
Stack trace:
#0 /home/hopscon/public_html/hopscan-stg.com/wp-settings.php(525): include()
#1 /home/hopscon/public_html/hopscan-stg.com/wp-config.php(179): require_once('/home/hopscon/p...')
#2 /home/hopscon/public_html/hopscan-stg.com/wp-load.php(37): require_once('/home/hopscon/p...')
#3 /home/hopscon/public_html/hopscan-stg.com/wp-blog-header.php(13): require_once('/home/hopscon/p...')
#4 /home/hopscon/public_html/hopscan-stg.com/index.php(17): require('/home/hopscon/p...')
#5 {main}
  thrown in /home/hopscon/public_html/hopscan-stg.com/wp-content/themes/martfury-child/functions.php on line 1834

2021-08-06T16:31:19+00:00 CRITICAL Uncaught Error: Cannot use object of type stdClass as array in /home/hopscon/public_html/hopscan-stg.com/wp-content/themes/martfury-child/functions.php:1845
Stack trace:
#0 /home/hopscon/public_html/hopscan-stg.com/wp-includes/class-wp-hook.php(287): misha_no_email_validation(Array)
#1 /home/hopscon/public_html/hopscan-stg.com/wp-includes/plugin.php(212): WP_Hook->apply_filters(Array, Array)
#2 /home/hopscon/public_html/hopscan-stg.com/wp-content/plugins/woocommerce/includes/class-wc-checkout.php(265): apply_filters('woocommerce_che...', Array)
#3 /home/hopscon/public_html/hopscan-stg.com/wp-content/themes/martfury-child/woocommerce/checkout/form-coupon.php(75): WC_Checkout->get_checkout_fields()
#4 /home/hopscon/public_html/hopscan-stg.com/wp-content/plugins/woocommerce/includes/wc-core-functions.php(344): include('/home/hopscon/p...')
#5 /home/hopscon/public_html/hopscan-stg.com/wp-content/plugins/woocommerce/includes/wc-template-functions.php(2296): wc_get_template('checkout/form-c...', Array)
#6 /home/hop in /home/hopscon/public_html/hopscan-stg.com/wp-content/themes/martfury-child/functions.php on line 1845

2021-08-06T16:31:33+00:00 CRITICAL Uncaught Error: Cannot use object of type stdClass as array in /home/hopscon/public_html/hopscan-stg.com/wp-content/themes/martfury-child/functions.php:1845
Stack trace:
#0 /home/hopscon/public_html/hopscan-stg.com/wp-includes/class-wp-hook.php(287): misha_no_email_validation(Array)
#1 /home/hopscon/public_html/hopscan-stg.com/wp-includes/plugin.php(212): WP_Hook->apply_filters(Array, Array)
#2 /home/hopscon/public_html/hopscan-stg.com/wp-content/plugins/woocommerce/includes/class-wc-checkout.php(265): apply_filters('woocommerce_che...', Array)
#3 /home/hopscon/public_html/hopscan-stg.com/wp-content/themes/martfury-child/woocommerce/checkout/form-coupon.php(75): WC_Checkout->get_checkout_fields()
#4 /home/hopscon/public_html/hopscan-stg.com/wp-content/plugins/woocommerce/includes/wc-core-functions.php(344): include('/home/hopscon/p...')
#5 /home/hopscon/public_html/hopscan-stg.com/wp-content/plugins/woocommerce/includes/wc-template-functions.php(2296): wc_get_template('checkout/form-c...', Array)
#6 /home/hop in /home/hopscon/public_html/hopscan-stg.com/wp-content/themes/martfury-child/functions.php on line 1845

2021-08-06T16:32:15+00:00 CRITICAL Uncaught Error: Cannot use object of type stdClass as array in /home/hopscon/public_html/hopscan-stg.com/wp-content/themes/martfury-child/functions.php:1841
Stack trace:
#0 /home/hopscon/public_html/hopscan-stg.com/wp-includes/class-wp-hook.php(287): misha_no_email_validation(Array)
#1 /home/hopscon/public_html/hopscan-stg.com/wp-includes/plugin.php(212): WP_Hook->apply_filters(Array, Array)
#2 /home/hopscon/public_html/hopscan-stg.com/wp-content/plugins/woocommerce/includes/class-wc-checkout.php(265): apply_filters('woocommerce_che...', Array)
#3 /home/hopscon/public_html/hopscan-stg.com/wp-content/themes/martfury-child/woocommerce/checkout/form-coupon.php(75): WC_Checkout->get_checkout_fields()
#4 /home/hopscon/public_html/hopscan-stg.com/wp-content/plugins/woocommerce/includes/wc-core-functions.php(344): include('/home/hopscon/p...')
#5 /home/hopscon/public_html/hopscan-stg.com/wp-content/plugins/woocommerce/includes/wc-template-functions.php(2296): wc_get_template('checkout/form-c...', Array)
#6 /home/hop in /home/hopscon/public_html/hopscan-stg.com/wp-content/themes/martfury-child/functions.php on line 1841

2021-08-06T16:37:27+00:00 CRITICAL Uncaught Error: Cannot use object of type stdClass as array in /home/hopscon/public_html/hopscan-stg.com/wp-content/themes/martfury-child/functions.php:1839
Stack trace:
#0 /home/hopscon/public_html/hopscan-stg.com/wp-includes/class-wp-hook.php(287): misha_no_email_validation(Array)
#1 /home/hopscon/public_html/hopscan-stg.com/wp-includes/plugin.php(212): WP_Hook->apply_filters(Array, Array)
#2 /home/hopscon/public_html/hopscan-stg.com/wp-content/plugins/woocommerce/includes/class-wc-checkout.php(265): apply_filters('woocommerce_che...', Array)
#3 /home/hopscon/public_html/hopscan-stg.com/wp-content/themes/martfury-child/woocommerce/checkout/form-coupon.php(75): WC_Checkout->get_checkout_fields()
#4 /home/hopscon/public_html/hopscan-stg.com/wp-content/plugins/woocommerce/includes/wc-core-functions.php(344): include('/home/hopscon/p...')
#5 /home/hopscon/public_html/hopscan-stg.com/wp-content/plugins/woocommerce/includes/wc-template-functions.php(2296): wc_get_template('checkout/form-c...', Array)
#6 /home/hop in /home/hopscon/public_html/hopscan-stg.com/wp-content/themes/martfury-child/functions.php on line 1839

2021-08-06T16:42:05+00:00 CRITICAL Uncaught Error: Cannot use object of type stdClass as array in /home/hopscon/public_html/hopscan-stg.com/wp-content/themes/martfury-child/functions.php:1842
Stack trace:
#0 /home/hopscon/public_html/hopscan-stg.com/wp-includes/class-wp-hook.php(287): misha_no_email_validation(Array)
#1 /home/hopscon/public_html/hopscan-stg.com/wp-includes/plugin.php(212): WP_Hook->apply_filters(Array, Array)
#2 /home/hopscon/public_html/hopscan-stg.com/wp-content/plugins/woocommerce/includes/class-wc-checkout.php(265): apply_filters('woocommerce_che...', Array)
#3 /home/hopscon/public_html/hopscan-stg.com/wp-content/themes/martfury-child/woocommerce/checkout/form-coupon.php(75): WC_Checkout->get_checkout_fields()
#4 /home/hopscon/public_html/hopscan-stg.com/wp-content/plugins/woocommerce/includes/wc-core-functions.php(344): include('/home/hopscon/p...')
#5 /home/hopscon/public_html/hopscan-stg.com/wp-content/plugins/woocommerce/includes/wc-template-functions.php(2296): wc_get_template('checkout/form-c...', Array)
#6 /home/hop in /home/hopscon/public_html/hopscan-stg.com/wp-content/themes/martfury-child/functions.php on line 1842

2021-08-06T16:42:25+00:00 CRITICAL Uncaught Error: Cannot use object of type stdClass as array in /home/hopscon/public_html/hopscan-stg.com/wp-content/themes/martfury-child/functions.php:1842
Stack trace:
#0 /home/hopscon/public_html/hopscan-stg.com/wp-includes/class-wp-hook.php(287): misha_no_email_validation(Array)
#1 /home/hopscon/public_html/hopscan-stg.com/wp-includes/plugin.php(212): WP_Hook->apply_filters(Array, Array)
#2 /home/hopscon/public_html/hopscan-stg.com/wp-content/plugins/woocommerce/includes/class-wc-checkout.php(265): apply_filters('woocommerce_che...', Array)
#3 /home/hopscon/public_html/hopscan-stg.com/wp-content/themes/martfury-child/woocommerce/checkout/form-coupon.php(75): WC_Checkout->get_checkout_fields()
#4 /home/hopscon/public_html/hopscan-stg.com/wp-content/plugins/woocommerce/includes/wc-core-functions.php(344): include('/home/hopscon/p...')
#5 /home/hopscon/public_html/hopscan-stg.com/wp-content/plugins/woocommerce/includes/wc-template-functions.php(2296): wc_get_template('checkout/form-c...', Array)
#6 /home/hop in /home/hopscon/public_html/hopscan-stg.com/wp-content/themes/martfury-child/functions.php on line 1842

2021-08-06T16:43:34+00:00 CRITICAL Uncaught Error: Cannot use object of type stdClass as array in /home/hopscon/public_html/hopscan-stg.com/wp-content/themes/martfury-child/functions.php:1842
Stack trace:
#0 /home/hopscon/public_html/hopscan-stg.com/wp-includes/class-wp-hook.php(287): misha_no_email_validation(Array)
#1 /home/hopscon/public_html/hopscan-stg.com/wp-includes/plugin.php(212): WP_Hook->apply_filters(Array, Array)
#2 /home/hopscon/public_html/hopscan-stg.com/wp-content/plugins/woocommerce/includes/class-wc-checkout.php(265): apply_filters('woocommerce_che...', Array)
#3 /home/hopscon/public_html/hopscan-stg.com/wp-content/themes/martfury-child/woocommerce/checkout/form-coupon.php(75): WC_Checkout->get_checkout_fields()
#4 /home/hopscon/public_html/hopscan-stg.com/wp-content/plugins/woocommerce/includes/wc-core-functions.php(344): include('/home/hopscon/p...')
#5 /home/hopscon/public_html/hopscan-stg.com/wp-content/plugins/woocommerce/includes/wc-template-functions.php(2296): wc_get_template('checkout/form-c...', Array)
#6 /home/hop in /home/hopscon/public_html/hopscan-stg.com/wp-content/themes/martfury-child/functions.php on line 1842

2021-08-06T16:43:54+00:00 CRITICAL Uncaught Error: Cannot use object of type stdClass as array in /home/hopscon/public_html/hopscan-stg.com/wp-content/themes/martfury-child/functions.php:1842
Stack trace:
#0 /home/hopscon/public_html/hopscan-stg.com/wp-includes/class-wp-hook.php(287): misha_no_email_validation(Array)
#1 /home/hopscon/public_html/hopscan-stg.com/wp-includes/plugin.php(212): WP_Hook->apply_filters(Array, Array)
#2 /home/hopscon/public_html/hopscan-stg.com/wp-content/plugins/woocommerce/includes/class-wc-checkout.php(265): apply_filters('woocommerce_che...', Array)
#3 /home/hopscon/public_html/hopscan-stg.com/wp-content/themes/martfury-child/woocommerce/checkout/form-coupon.php(75): WC_Checkout->get_checkout_fields()
#4 /home/hopscon/public_html/hopscan-stg.com/wp-content/plugins/woocommerce/includes/wc-core-functions.php(344): include('/home/hopscon/p...')
#5 /home/hopscon/public_html/hopscan-stg.com/wp-content/plugins/woocommerce/includes/wc-template-functions.php(2296): wc_get_template('checkout/form-c...', Array)
#6 /home/hop in /home/hopscon/public_html/hopscan-stg.com/wp-content/themes/martfury-child/functions.php on line 1842

2021-08-06T18:09:11+00:00 CRITICAL Uncaught Error: Wrong parameters for Exception([string $message [, long $code [, Throwable $previous = NULL]]]) in /home/hopscon/public_html/hopscan-stg.com/wp-content/plugins/woocommerce-distance-rate-shipping/includes/class-wc-google-distance-matrix-api.php:86
Stack trace:
#0 /home/hopscon/public_html/hopscan-stg.com/wp-content/plugins/woocommerce-distance-rate-shipping/includes/class-wc-google-distance-matrix-api.php(86): Exception->__construct(Object(WP_Error))
#1 /home/hopscon/public_html/hopscan-stg.com/wp-content/plugins/woocommerce-distance-rate-shipping/includes/class-wc-google-distance-matrix-api.php(131): WC_Google_Distance_Matrix_API->perform_request('origins=Kigali%...')
#2 /home/hopscon/public_html/hopscan-stg.com/wp-content/plugins/woocommerce-distance-rate-shipping/includes/class-wc-shipping-distance-rate.php(702): WC_Google_Distance_Matrix_API->get_distance('Kigali, Rwanda ...', 'sanganer, QC, 0...', false, 'driving', 'none', 'metric', 'rw')
#3 /home/hopscon/public_html/hopscan-stg.com/wp-con in /home/hopscon/public_html/hopscan-stg.com/wp-content/plugins/woocommerce-distance-rate-shipping/includes/class-wc-google-distance-matrix-api.php on line 86

2021-08-06T18:46:43+00:00 CRITICAL syntax error, unexpected '}', expecting end of file in /home/hopscon/public_html/hopscan-stg.com/wp-content/themes/martfury-child/functions.php on line 945

2021-08-06T18:46:48+00:00 CRITICAL syntax error, unexpected '}', expecting end of file in /home/hopscon/public_html/hopscan-stg.com/wp-content/themes/martfury-child/functions.php on line 945

2021-08-06T18:46:48+00:00 CRITICAL syntax error, unexpected '}', expecting end of file in /home/hopscon/public_html/hopscan-stg.com/wp-content/themes/martfury-child/functions.php on line 945

2021-08-06T18:46:49+00:00 CRITICAL syntax error, unexpected '}', expecting end of file in /home/hopscon/public_html/hopscan-stg.com/wp-content/themes/martfury-child/functions.php on line 945

2021-08-06T18:46:50+00:00 CRITICAL syntax error, unexpected '}', expecting end of file in /home/hopscon/public_html/hopscan-stg.com/wp-content/themes/martfury-child/functions.php on line 945

2021-08-06T18:46:51+00:00 CRITICAL syntax error, unexpected '}', expecting end of file in /home/hopscon/public_html/hopscan-stg.com/wp-content/themes/martfury-child/functions.php on line 945

2021-08-06T18:46:51+00:00 CRITICAL syntax error, unexpected '}', expecting end of file in /home/hopscon/public_html/hopscan-stg.com/wp-content/themes/martfury-child/functions.php on line 945

2021-08-06T18:46:52+00:00 CRITICAL syntax error, unexpected '}', expecting end of file in /home/hopscon/public_html/hopscan-stg.com/wp-content/themes/martfury-child/functions.php on line 945

2021-08-06T18:46:52+00:00 CRITICAL syntax error, unexpected '}', expecting end of file in /home/hopscon/public_html/hopscan-stg.com/wp-content/themes/martfury-child/functions.php on line 945

2021-08-06T18:46:53+00:00 CRITICAL syntax error, unexpected '}', expecting end of file in /home/hopscon/public_html/hopscan-stg.com/wp-content/themes/martfury-child/functions.php on line 945

2021-08-06T18:46:53+00:00 CRITICAL syntax error, unexpected '}', expecting end of file in /home/hopscon/public_html/hopscan-stg.com/wp-content/themes/martfury-child/functions.php on line 945

2021-08-06T18:46:54+00:00 CRITICAL syntax error, unexpected '}', expecting end of file in /home/hopscon/public_html/hopscan-stg.com/wp-content/themes/martfury-child/functions.php on line 945

2021-08-06T18:46:57+00:00 CRITICAL syntax error, unexpected '}', expecting end of file in /home/hopscon/public_html/hopscan-stg.com/wp-content/themes/martfury-child/functions.php on line 945

2021-08-06T18:46:57+00:00 CRITICAL syntax error, unexpected '}', expecting end of file in /home/hopscon/public_html/hopscan-stg.com/wp-content/themes/martfury-child/functions.php on line 945

2021-08-06T18:46:58+00:00 CRITICAL syntax error, unexpected '}', expecting end of file in /home/hopscon/public_html/hopscan-stg.com/wp-content/themes/martfury-child/functions.php on line 945

2021-08-06T18:47:01+00:00 CRITICAL syntax error, unexpected '}', expecting end of file in /home/hopscon/public_html/hopscan-stg.com/wp-content/themes/martfury-child/functions.php on line 945

2021-08-06T18:47:02+00:00 CRITICAL syntax error, unexpected '}', expecting end of file in /home/hopscon/public_html/hopscan-stg.com/wp-content/themes/martfury-child/functions.php on line 945

2021-08-06T18:47:44+00:00 CRITICAL syntax error, unexpected '}', expecting end of file in /home/hopscon/public_html/hopscan-stg.com/wp-content/themes/martfury-child/functions.php on line 945

2021-08-06T18:47:47+00:00 CRITICAL syntax error, unexpected '}', expecting end of file in /home/hopscon/public_html/hopscan-stg.com/wp-content/themes/martfury-child/functions.php on line 945

2021-08-06T18:47:48+00:00 CRITICAL syntax error, unexpected '}', expecting end of file in /home/hopscon/public_html/hopscan-stg.com/wp-content/themes/martfury-child/functions.php on line 945

2021-08-06T18:56:32+00:00 CRITICAL Cannot redeclare misha_no_email_validation() (previously declared in /home/hopscon/public_html/hopscan-stg.com/wp-content/themes/martfury-child/functions.php:885) in /home/hopscon/public_html/hopscan-stg.com/wp-content/themes/martfury-child/functions.php on line 899

